TRACE 2021-07-04 11:29:10 [JavaFX Application Thread] UiController (UiController.java:52) - Client started
TRACE 2021-07-04 11:30:48 [JavaFX Application Thread] UiController (UiController.java:52) - Client started
TRACE 2021-07-04 11:34:52 [JavaFX Application Thread] UiController (UiController.java:52) - Client started
TRACE 2021-07-04 11:39:37 [JavaFX Application Thread] UiController (UiController.java:52) - Client started
TRACE 2021-07-04 11:47:39 [JavaFX Application Thread] UiController (UiController.java:52) - Client started
TRACE 2021-07-04 11:48:11 [JavaFX Application Thread] UiController (UiController.java:76) - Transfer started example.txt 0
TRACE 2021-07-04 11:48:11 [JavaFX Application Thread] UiController (UiController.java:81) - Transfer finished successfully
TRACE 2021-07-04 11:49:56 [JavaFX Application Thread] UiController (UiController.java:52) - Client started
TRACE 2021-07-04 11:50:01 [JavaFX Application Thread] UiController (UiController.java:76) - Transfer started - example2.docx size: 0
TRACE 2021-07-04 11:50:01 [JavaFX Application Thread] UiController (UiController.java:81) - Transfer finished successfully
TRACE 2021-07-04 11:50:53 [JavaFX Application Thread] UiController (UiController.java:52) - Client started
TRACE 2021-07-04 11:51:02 [JavaFX Application Thread] UiController (UiController.java:75) - Transfer started - example2.docx size: 0
TRACE 2021-07-04 11:51:02 [JavaFX Application Thread] UiController (UiController.java:80) - Transfer finished successfully
TRACE 2021-07-04 11:53:32 [JavaFX Application Thread] UiController (UiController.java:52) - Client started
TRACE 2021-07-04 11:53:46 [JavaFX Application Thread] UiController (UiController.java:75) - Transfer started - 20210315185953_1.jpg size: 176494
TRACE 2021-07-04 11:53:46 [JavaFX Application Thread] UiController (UiController.java:80) - Transfer finished successfully
TRACE 2021-07-04 11:57:56 [JavaFX Application Thread] UiController (UiController.java:52) - Client started
TRACE 2021-07-04 11:58:04 [JavaFX Application Thread] UiController (UiController.java:75) - Transfer started - 20210314132444_1.jpg size: 248563
TRACE 2021-07-04 11:58:04 [JavaFX Application Thread] UiController (UiController.java:80) - Transfer finished successfully
TRACE 2021-07-04 12:00:26 [JavaFX Application Thread] UiController (UiController.java:52) - Client started
TRACE 2021-07-04 12:00:37 [JavaFX Application Thread] UiController (UiController.java:52) - Client started
TRACE 2021-07-04 12:01:04 [JavaFX Application Thread] UiController (UiController.java:75) - Transfer started - 20210319221202_1.jpg size: 402035
TRACE 2021-07-04 12:01:04 [JavaFX Application Thread] UiController (UiController.java:80) - Transfer finished successfully
TRACE 2021-07-04 12:02:51 [JavaFX Application Thread] UiController (UiController.java:52) - Client started
TRACE 2021-07-04 12:03:09 [JavaFX Application Thread] UiController (UiController.java:75) - Transfer started - 20210315185953_1.jpg size: 176494
TRACE 2021-07-04 12:03:09 [JavaFX Application Thread] UiController (UiController.java:80) - Transfer finished successfully
TRACE 2021-07-04 12:05:24 [JavaFX Application Thread] UiController (UiController.java:52) - Client started
TRACE 2021-07-04 12:05:36 [JavaFX Application Thread] UiController (UiController.java:75) - Transfer started - 20210315185953_1.jpg size: 176494
TRACE 2021-07-04 12:05:36 [JavaFX Application Thread] UiController (UiController.java:80) - Transfer finished successfully
TRACE 2021-07-04 12:08:10 [JavaFX Application Thread] UiController (UiController.java:52) - Client started
TRACE 2021-07-04 12:08:19 [JavaFX Application Thread] UiController (UiController.java:75) - Transfer started - example.txt size: 0
TRACE 2021-07-04 12:08:19 [JavaFX Application Thread] UiController (UiController.java:80) - Transfer finished successfully
TRACE 2021-07-04 12:12:23 [JavaFX Application Thread] UiController (UiController.java:52) - Client started
TRACE 2021-07-04 12:12:29 [JavaFX Application Thread] UiController (UiController.java:75) - Transfer started - 20210319221202_1.jpg size: 402035
TRACE 2021-07-04 12:12:29 [JavaFX Application Thread] UiController (UiController.java:80) - Transfer finished successfully
TRACE 2021-07-04 12:13:50 [JavaFX Application Thread] UiController (UiController.java:52) - Client started
TRACE 2021-07-04 12:13:57 [JavaFX Application Thread] UiController (UiController.java:75) - Transfer started - 20210315185953_1.jpg size: 176494
TRACE 2021-07-04 12:13:57 [JavaFX Application Thread] UiController (UiController.java:80) - Transfer finished successfully
TRACE 2021-07-04 12:14:56 [JavaFX Application Thread] UiController (UiController.java:52) - Client started
TRACE 2021-07-04 12:15:03 [JavaFX Application Thread] UiController (UiController.java:75) - Transfer started - 20210319221202_1.jpg size: 402035
TRACE 2021-07-04 12:15:03 [JavaFX Application Thread] UiController (UiController.java:80) - Transfer finished successfully
TRACE 2021-07-04 12:16:14 [JavaFX Application Thread] UiController (UiController.java:52) - Client started
TRACE 2021-07-04 12:16:20 [JavaFX Application Thread] UiController (UiController.java:75) - Transfer started - 20210315185953_1.jpg size: 176494
TRACE 2021-07-04 12:16:20 [JavaFX Application Thread] UiController (UiController.java:80) - Transfer finished successfully
TRACE 2021-07-04 12:16:48 [JavaFX Application Thread] UiController (UiController.java:52) - Client started
TRACE 2021-07-04 12:16:53 [JavaFX Application Thread] UiController (UiController.java:75) - Transfer started - 20210315185953_1.jpg size: 176494
TRACE 2021-07-04 12:16:53 [JavaFX Application Thread] UiController (UiController.java:80) - Transfer finished successfully
TRACE 2021-07-04 12:18:37 [JavaFX Application Thread] UiController (UiController.java:52) - Client started
TRACE 2021-07-04 12:18:41 [JavaFX Application Thread] UiController (UiController.java:75) - Transfer started - 20210315185953_1.jpg size: 176494
TRACE 2021-07-04 12:18:41 [JavaFX Application Thread] UiController (UiController.java:80) - Transfer finished successfully
TRACE 2021-07-04 12:20:24 [JavaFX Application Thread] UiController (UiController.java:52) - Client started
TRACE 2021-07-04 12:20:31 [JavaFX Application Thread] UiController (UiController.java:75) - Transfer started - 20210314132444_1.jpg size: 248563
TRACE 2021-07-04 12:20:31 [JavaFX Application Thread] UiController (UiController.java:80) - Transfer finished successfully
TRACE 2021-07-04 12:21:10 [JavaFX Application Thread] UiController (UiController.java:52) - Client started
TRACE 2021-07-04 12:21:14 [JavaFX Application Thread] UiController (UiController.java:75) - Transfer started - 20210314132444_1.jpg size: 248563
TRACE 2021-07-04 12:21:14 [JavaFX Application Thread] UiController (UiController.java:80) - Transfer finished successfully
TRACE 2021-07-04 12:22:44 [JavaFX Application Thread] UiController (UiController.java:52) - Client started
TRACE 2021-07-04 12:22:49 [JavaFX Application Thread] UiController (UiController.java:75) - Transfer started - 20210315185953_1.jpg size: 176494
TRACE 2021-07-04 12:22:49 [JavaFX Application Thread] UiController (UiController.java:81) - Transfer finished successfully
TRACE 2021-07-04 12:24:28 [JavaFX Application Thread] UiController (UiController.java:52) - Client started
TRACE 2021-07-04 12:24:36 [JavaFX Application Thread] UiController (UiController.java:75) - Transfer started - 20210314132444_1.jpg size: 248563
TRACE 2021-07-04 12:24:36 [JavaFX Application Thread] UiController (UiController.java:82) - Transfer finished successfully
TRACE 2021-07-04 12:28:05 [JavaFX Application Thread] UiController (UiController.java:52) - Client started
TRACE 2021-07-04 12:28:13 [JavaFX Application Thread] UiController (UiController.java:75) - Transfer started - 20210315185953_1.jpg size: 176494
TRACE 2021-07-04 12:28:13 [JavaFX Application Thread] UiController (UiController.java:81) - Transfer finished successfully
TRACE 2021-07-04 12:29:42 [JavaFX Application Thread] UiController (UiController.java:52) - Client started
TRACE 2021-07-04 12:29:49 [JavaFX Application Thread] UiController (UiController.java:75) - Transfer started - 20210319221202_1.jpg size: 402035
TRACE 2021-07-04 12:29:49 [JavaFX Application Thread] UiController (UiController.java:81) - Transfer finished successfully
TRACE 2021-07-04 12:30:26 [JavaFX Application Thread] UiController (UiController.java:52) - Client started
TRACE 2021-07-04 12:30:30 [JavaFX Application Thread] UiController (UiController.java:75) - Transfer started - 20210319221202_1.jpg size: 402035
TRACE 2021-07-04 12:30:30 [JavaFX Application Thread] UiController (UiController.java:81) - Transfer finished successfully
TRACE 2021-07-04 12:31:09 [JavaFX Application Thread] UiController (UiController.java:52) - Client started
TRACE 2021-07-04 12:31:12 [JavaFX Application Thread] UiController (UiController.java:75) - Transfer started - 20210314132444_1.jpg size: 248563
TRACE 2021-07-04 12:31:12 [JavaFX Application Thread] UiController (UiController.java:81) - Transfer finished successfully
TRACE 2021-07-04 12:33:08 [JavaFX Application Thread] UiController (UiController.java:52) - Client started
TRACE 2021-07-04 12:33:12 [JavaFX Application Thread] UiController (UiController.java:75) - Transfer started - 20210315185953_1.jpg size: 176494
TRACE 2021-07-04 12:34:40 [JavaFX Application Thread] UiController (UiController.java:52) - Client started
TRACE 2021-07-04 12:34:44 [JavaFX Application Thread] UiController (UiController.java:75) - Transfer started - 20210315185953_1.jpg size: 176494
TRACE 2021-07-04 12:36:31 [JavaFX Application Thread] UiController (UiController.java:52) - Client started
TRACE 2021-07-04 12:36:35 [JavaFX Application Thread] UiController (UiController.java:75) - Transfer started - 20210319221202_1.jpg size: 402035
TRACE 2021-07-04 12:36:52 [JavaFX Application Thread] UiController (UiController.java:52) - Client started
TRACE 2021-07-04 12:36:57 [JavaFX Application Thread] UiController (UiController.java:75) - Transfer started - 20210315185953_1.jpg size: 176494
TRACE 2021-07-04 12:39:48 [JavaFX Application Thread] UiController (UiController.java:52) - Client started
TRACE 2021-07-04 12:39:51 [JavaFX Application Thread] UiController (UiController.java:75) - Transfer started - 20210319221202_1.jpg size: 402035
TRACE 2021-07-04 12:39:51 [JavaFX Application Thread] UiController (UiController.java:81) - Transfer finished successfully
TRACE 2021-07-04 12:41:06 [JavaFX Application Thread] UiController (UiController.java:52) - Client started
TRACE 2021-07-04 12:41:10 [JavaFX Application Thread] UiController (UiController.java:75) - Transfer started - 20210319221202_1.jpg size: 402035
TRACE 2021-07-04 12:41:10 [JavaFX Application Thread] UiController (UiController.java:81) - Transfer finished successfully
TRACE 2021-07-04 12:41:25 [JavaFX Application Thread] UiController (UiController.java:75) - Transfer started - example2.docx size: 0
TRACE 2021-07-04 12:41:25 [JavaFX Application Thread] UiController (UiController.java:81) - Transfer finished successfully
TRACE 2021-07-04 12:42:57 [JavaFX Application Thread] UiController (UiController.java:52) - Client started
TRACE 2021-07-04 12:43:00 [JavaFX Application Thread] UiController (UiController.java:75) - Transfer started - example.txt size: 0
TRACE 2021-07-04 12:43:00 [JavaFX Application Thread] UiController (UiController.java:81) - Transfer finished successfully
TRACE 2021-07-04 12:43:32 [JavaFX Application Thread] UiController (UiController.java:52) - Client started
TRACE 2021-07-04 12:43:37 [JavaFX Application Thread] UiController (UiController.java:75) - Transfer started - example.txt size: 0
TRACE 2021-07-04 12:43:37 [JavaFX Application Thread] UiController (UiController.java:81) - Transfer finished successfully
TRACE 2021-07-04 12:44:47 [JavaFX Application Thread] UiController (UiController.java:52) - Client started
TRACE 2021-07-04 12:44:53 [JavaFX Application Thread] UiController (UiController.java:75) - Transfer started - 20210314132444_1.jpg size: 248563
TRACE 2021-07-04 12:44:53 [JavaFX Application Thread] UiController (UiController.java:81) - Transfer finished successfully
TRACE 2021-07-04 12:45:04 [JavaFX Application Thread] UiController (UiController.java:75) - Transfer started - img.png size: 2309506
TRACE 2021-07-04 12:45:04 [JavaFX Application Thread] UiController (UiController.java:81) - Transfer finished successfully
TRACE 2021-07-04 12:45:19 [JavaFX Application Thread] UiController (UiController.java:75) - Transfer started - example.txt size: 0
TRACE 2021-07-04 12:45:19 [JavaFX Application Thread] UiController (UiController.java:81) - Transfer finished successfully
TRACE 2021-07-04 12:46:10 [JavaFX Application Thread] UiController (UiController.java:52) - Client started
TRACE 2021-07-04 12:46:12 [JavaFX Application Thread] UiController (UiController.java:52) - Client started
TRACE 2021-07-04 12:46:18 [JavaFX Application Thread] UiController (UiController.java:75) - Transfer started - example.txt size: 0
TRACE 2021-07-04 12:46:18 [JavaFX Application Thread] UiController (UiController.java:81) - Transfer finished successfully
TRACE 2021-07-04 12:47:17 [JavaFX Application Thread] UiController (UiController.java:52) - Client started
TRACE 2021-07-04 12:47:23 [JavaFX Application Thread] UiController (UiController.java:75) - Transfer started - example2.docx size: 0
TRACE 2021-07-04 12:47:23 [JavaFX Application Thread] UiController (UiController.java:81) - Transfer finished successfully
TRACE 2021-07-04 12:48:46 [JavaFX Application Thread] UiController (UiController.java:52) - Client started
TRACE 2021-07-04 12:48:52 [JavaFX Application Thread] UiController (UiController.java:75) - Transfer started - example2.docx size: 0
TRACE 2021-07-04 12:48:52 [JavaFX Application Thread] UiController (UiController.java:81) - Transfer finished successfully
TRACE 2021-07-04 12:49:29 [JavaFX Application Thread] UiController (UiController.java:52) - Client started
TRACE 2021-07-04 12:49:33 [JavaFX Application Thread] UiController (UiController.java:75) - Transfer started - example2.docx size: 0
TRACE 2021-07-04 12:49:33 [JavaFX Application Thread] UiController (UiController.java:81) - Transfer finished successfully
TRACE 2021-07-04 12:52:33 [JavaFX Application Thread] UiController (UiController.java:52) - Client started
TRACE 2021-07-04 12:52:38 [JavaFX Application Thread] UiController (UiController.java:75) - Transfer started - example.txt size: 0
TRACE 2021-07-04 12:52:38 [JavaFX Application Thread] UiController (UiController.java:81) - Transfer finished successfully
TRACE 2021-07-04 12:52:45 [JavaFX Application Thread] UiController (UiController.java:75) - Transfer started - not_empty.txt size: 21
TRACE 2021-07-04 12:52:45 [JavaFX Application Thread] UiController (UiController.java:81) - Transfer finished successfully
TRACE 2021-07-04 12:52:53 [JavaFX Application Thread] UiController (UiController.java:75) - Transfer started - not_empty2.docx size: 11460
TRACE 2021-07-04 12:52:53 [JavaFX Application Thread] UiController (UiController.java:81) - Transfer finished successfully
TRACE 2021-07-04 12:53:02 [JavaFX Application Thread] UiController (UiController.java:75) - Transfer started - 20210314132444_1.jpg size: 248563
TRACE 2021-07-04 12:53:02 [JavaFX Application Thread] UiController (UiController.java:81) - Transfer finished successfully
TRACE 2021-07-04 13:06:25 [JavaFX Application Thread] UiController (UiController.java:56) - Client started
TRACE 2021-07-04 13:06:36 [JavaFX Application Thread] UiController (UiController.java:81) - Transfer started - 20210314132444_1.jpg size: 248563
TRACE 2021-07-04 13:06:36 [JavaFX Application Thread] UiController (UiController.java:87) - Transfer finished successfully
TRACE 2021-07-04 13:08:28 [JavaFX Application Thread] UiController (UiController.java:56) - Client started
TRACE 2021-07-04 13:08:59 [JavaFX Application Thread] UiController (UiController.java:56) - Client started
TRACE 2021-07-04 13:09:01 [JavaFX Application Thread] UiController (UiController.java:56) - Client started
TRACE 2021-07-04 13:09:09 [JavaFX Application Thread] UiController (UiController.java:82) - Transfer started - 20210319221202_1.jpg size: 402035
TRACE 2021-07-04 13:09:09 [JavaFX Application Thread] UiController (UiController.java:88) - Transfer finished successfully 20210319221202_1.jpg size: 402035
TRACE 2021-07-04 13:09:32 [JavaFX Application Thread] UiController (UiController.java:82) - Transfer started - not_empty.txt size: 21
TRACE 2021-07-04 13:09:32 [JavaFX Application Thread] UiController (UiController.java:88) - Transfer finished successfully not_empty.txt size: 21
