ERROR 2021-07-04 11:28:47 [JavaFX Application Thread] UiController (UiController.java:54) - Unable to initialize client instance
ERROR 2021-07-04 11:38:52 [JavaFX Application Thread] UiController (UiController.java:54) - Unable to initialize client instance
ERROR 2021-07-04 11:41:48 [JavaFX Application Thread] UiController (UiController.java:54) - Unable to start client, possible server is down
ERROR 2021-07-04 11:45:40 [JavaFX Application Thread] UiController (UiController.java:54) - Unable to start client, possible server is down
ERROR 2021-07-04 11:47:19 [JavaFX Application Thread] UiController (UiController.java:54) - Unable to start client, possible server is down
ERROR 2021-07-04 11:47:24 [JavaFX Application Thread] UiController (UiController.java:54) - Unable to start client, possible server is down
ERROR 2021-07-04 11:47:26 [JavaFX Application Thread] UiController (UiController.java:54) - Unable to start client, possible server is down
ERROR 2021-07-04 11:49:47 [JavaFX Application Thread] UiController (UiController.java:54) - Unable to start client, possible server is down
ERROR 2021-07-04 11:57:49 [JavaFX Application Thread] UiController (UiController.java:54) - Unable to start client, possible server is down
ERROR 2021-07-04 12:04:10 [JavaFX Application Thread] UiController (UiController.java:83) - Exception I/O when sending file
ERROR 2021-07-04 12:05:15 [JavaFX Application Thread] UiController (UiController.java:54) - Unable to start client, possible server is down
ERROR 2021-07-04 12:06:03 [JavaFX Application Thread] UiController (UiController.java:83) - Exception I/O when sending file
ERROR 2021-07-04 12:06:12 [JavaFX Application Thread] UiController (UiController.java:83) - Exception I/O when sending file
ERROR 2021-07-04 12:14:08 [JavaFX Application Thread] UiController (UiController.java:83) - Exception I/O when sending file
ERROR 2021-07-04 12:14:54 [JavaFX Application Thread] UiController (UiController.java:54) - Unable to start client, possible server is down
ERROR 2021-07-04 12:16:11 [JavaFX Application Thread] UiController (UiController.java:54) - Unable to start client, possible server is down
ERROR 2021-07-04 12:18:32 [JavaFX Application Thread] UiController (UiController.java:54) - Unable to start client, possible server is down
ERROR 2021-07-04 12:20:10 [JavaFX Application Thread] UiController (UiController.java:54) - Unable to start client, possible server is down
ERROR 2021-07-04 12:22:32 [JavaFX Application Thread] UiController (UiController.java:54) - Unable to start client, possible server is down
ERROR 2021-07-04 12:28:04 [JavaFX Application Thread] UiController (UiController.java:54) - Unable to start client, possible server is down
ERROR 2021-07-04 12:33:12 [JavaFX Application Thread] UiController (UiController.java:84) - Exception I/O when sending file
ERROR 2021-07-04 12:34:44 [JavaFX Application Thread] UiController (UiController.java:84) - Exception I/O when sending file
ERROR 2021-07-04 12:36:27 [JavaFX Application Thread] UiController (UiController.java:54) - Unable to start client, possible server is down
ERROR 2021-07-04 12:36:35 [JavaFX Application Thread] UiController (UiController.java:84) - Exception I/O when sending file
ERROR 2021-07-04 12:36:57 [JavaFX Application Thread] UiController (UiController.java:84) - Exception I/O when sending file
ERROR 2021-07-04 12:38:58 [JavaFX Application Thread] UiController (UiController.java:84) - Exception I/O when sending file
ERROR 2021-07-04 12:39:40 [JavaFX Application Thread] UiController (UiController.java:54) - Unable to start client, possible server is down
ERROR 2021-07-04 12:42:52 [JavaFX Application Thread] UiController (UiController.java:54) - Unable to start client, possible server is down
ERROR 2021-07-04 12:49:23 [JavaFX Application Thread] UiController (UiController.java:84) - Exception I/O when sending file
ERROR 2021-07-04 13:01:16 [JavaFX Application Thread] UiController (UiController.java:54) - Unable to start client, possible server is down
ERROR 2021-07-04 13:01:39 [JavaFX Application Thread] UiController (UiController.java:54) - Unable to start client, possible server is down
ERROR 2021-07-04 13:03:26 [JavaFX Application Thread] UiController (UiController.java:54) - Unable to start client, possible server is down
ERROR 2021-07-04 13:06:14 [JavaFX Application Thread] UiController (UiController.java:59) - Unable to start client, possible server is down
ERROR 2021-07-04 13:06:19 [JavaFX Application Thread] UiController (UiController.java:59) - Unable to start client, possible server is down
ERROR 2021-07-04 13:08:25 [JavaFX Application Thread] UiController (UiController.java:59) - Unable to start client, possible server is down
ERROR 2021-07-04 13:18:52 [JavaFX Application Thread] UiController (UiController.java:58) - Unable to start client, possible server is down
ERROR 2021-07-07 19:23:19 [JavaFX Application Thread] UiController (UiController.java:60) - Unable to start client, possible server is down
ERROR 2021-07-07 19:26:38 [JavaFX Application Thread] UiController (UiController.java:60) - Unable to start client, possible server is down
ERROR 2021-07-07 19:26:43 [JavaFX Application Thread] UiController (UiController.java:131) - unable to reconnect
ERROR 2021-07-07 19:30:08 [JavaFX Application Thread] UiController (UiController.java:64) - Unable to start client, possible server is down
ERROR 2021-07-07 19:30:12 [JavaFX Application Thread] UiController (UiController.java:64) - Unable to start client, possible server is down
ERROR 2021-07-07 20:09:03 [JavaFX Application Thread] UiController (UiController.java:152) - Unable to copy file in local storage
ERROR 2021-07-07 20:09:03 [JavaFX Application Thread] UiController (UiController.java:111) - Exception I/O when sending file
ERROR 2021-07-07 20:09:08 [JavaFX Application Thread] UiController (UiController.java:152) - Unable to copy file in local storage
ERROR 2021-07-07 20:09:08 [JavaFX Application Thread] UiController (UiController.java:111) - Exception I/O when sending file
ERROR 2021-07-07 20:20:03 [JavaFX Application Thread] UiController (UiController.java:154) - Unable to copy file in local storage
ERROR 2021-07-07 20:20:03 [JavaFX Application Thread] UiController (UiController.java:111) - Exception I/O when sending file
ERROR 2021-07-07 20:25:04 [JavaFX Application Thread] UiController (UiController.java:79) - Unable to start client, possible server is down
ERROR 2021-07-07 21:38:28 [JavaFX Application Thread] UiController (UiController.java:78) - Unable to start client, possible server is down
ERROR 2021-07-07 22:25:37 [JavaFX Application Thread] UiController (UiController.java:111) - Exception I/O when sending file
ERROR 2021-07-07 22:29:40 [JavaFX Application Thread] UiController (UiController.java:111) - Exception I/O when sending file
ERROR 2021-07-07 22:30:27 [JavaFX Application Thread] UiController (UiController.java:111) - Exception I/O when sending file
ERROR 2021-07-07 22:33:46 [JavaFX Application Thread] UiController (UiController.java:111) - Exception I/O when sending file
ERROR 2021-07-07 22:35:16 [JavaFX Application Thread] UiController (UiController.java:111) - Exception I/O when sending file
ERROR 2021-07-07 22:35:53 [JavaFX Application Thread] UiController (UiController.java:111) - Exception I/O when sending file
ERROR 2021-07-07 22:37:17 [JavaFX Application Thread] UiController (UiController.java:111) - Exception I/O when sending file
ERROR 2021-07-07 22:38:45 [JavaFX Application Thread] UiController (UiController.java:111) - Exception I/O when sending file
ERROR 2021-07-07 22:47:51 [JavaFX Application Thread] UiController (UiController.java:111) - Exception I/O when sending file
ERROR 2021-07-07 22:55:04 [JavaFX Application Thread] UiController (UiController.java:156) - Unable to copy file in local storage
ERROR 2021-07-07 22:55:04 [JavaFX Application Thread] UiController (UiController.java:111) - Exception I/O when sending file
ERROR 2021-07-07 22:55:35 [JavaFX Application Thread] UiController (UiController.java:111) - Exception I/O when sending file
ERROR 2021-07-07 23:02:24 [JavaFX Application Thread] UiController (UiController.java:112) - Exception I/O when sending file
ERROR 2021-07-07 23:07:56 [JavaFX Application Thread] UiController (UiController.java:112) - Exception I/O when sending file
ERROR 2021-07-07 23:12:10 [JavaFX Application Thread] UiController (UiController.java:114) - Exception I/O when sending file
ERROR 2021-07-07 23:12:20 [JavaFX Application Thread] UiController (UiController.java:114) - Exception I/O when sending file
ERROR 2021-07-07 23:14:31 [JavaFX Application Thread] UiController (UiController.java:114) - Exception I/O when sending file
ERROR 2021-07-07 23:15:09 [JavaFX Application Thread] UiController (UiController.java:114) - Exception I/O when sending file
ERROR 2021-07-07 23:16:08 [JavaFX Application Thread] UiController (UiController.java:114) - Exception I/O when sending file
ERROR 2021-07-07 23:16:55 [JavaFX Application Thread] UiController (UiController.java:114) - Exception I/O when sending file
ERROR 2021-07-07 23:18:13 [JavaFX Application Thread] UiController (UiController.java:117) - Exception I/O when sending file
ERROR 2021-07-07 23:20:05 [JavaFX Application Thread] UiController (UiController.java:117) - Exception I/O when sending file
ERROR 2021-07-07 23:20:31 [JavaFX Application Thread] UiController (UiController.java:117) - Exception I/O when sending file
ERROR 2021-07-07 23:21:07 [JavaFX Application Thread] UiController (UiController.java:117) - Exception I/O when sending file
ERROR 2021-07-07 23:22:49 [JavaFX Application Thread] UiController (UiController.java:117) - Exception I/O when sending file
ERROR 2021-07-07 23:24:47 [JavaFX Application Thread] UiController (UiController.java:80) - Unable to start client, possible server is down
ERROR 2021-07-07 23:24:52 [JavaFX Application Thread] UiController (UiController.java:80) - Unable to start client, possible server is down
ERROR 2021-07-07 23:25:12 [JavaFX Application Thread] UiController (UiController.java:117) - Exception I/O when sending file
ERROR 2021-07-07 23:27:08 [JavaFX Application Thread] UiController (UiController.java:114) - Exception I/O when sending file
ERROR 2021-07-07 23:28:29 [JavaFX Application Thread] UiController (UiController.java:114) - Exception I/O when sending file
